
ASEM-51 V1.3                                         Copyright (c) 2002 by W.W. Heinz                                         PAGE 1





       MCS-51 Family Macro Assembler   A S E M - 5 1   V 1.3
       =====================================================



	Source File:	D:\Micro10\w103rx.asm
	Object File:	D:\Micro10\w103rx.hex
	List File:	D:\Micro10\w103rx.lst



 Line  I  Addr  Code            Source

    1:		N      0000	ORG     0000H
    2:	  0000	21 00		        JMP     0100H
    3:
    4:		N      0100	        ORG     0100H
    5:	  0100			MAIN:
    6:	  0100	75 81 3F	        MOV     SP, #3FH
    7:	  0103	C2 AF		        CLR     EA
    8:	  0105	75 89 20	        MOV     TMOD, #20H
    9:	  0108	75 98 50	        MOV     SCON, #50H
   10:	  010B	75 8D FD	        MOV     TH1, #0FDH
   11:	  010E	D2 8E		        SETB    TR1
   12:
   13:	  0110	75 90 00	        MOV     P1, #00H
   14:
   15:	  0113			WAIT_RX:
   16:	  0113	30 98 FD	        JNB     RI, WAIT_RX
   17:	  0116	E5 99		        MOV     A, SBUF
   18:	  0118	C2 98		        CLR     RI
   19:
   20:	  011A	C3		        CLR     C
   21:	  011B	F9		        MOV     R1, A
   22:	  011C	94 30		        SUBB    A, #'0'
   23:	  011E	40 F3		        JC      WAIT_RX
   24:
   25:	  0120	E9		        MOV     A, R1
   26:	  0121	94 39		        SUBB    A, #'9'
   27:	  0123	60 02		        JZ      VALID_NUM
   28:	  0125	50 EC		        JNC     WAIT_RX
   29:
   30:	  0127			VALID_NUM:
   31:	  0127	E9		        MOV     A, R1
   32:	  0128	C3		        CLR     C
   33:	  0129	94 30		        SUBB    A, #'0'
   34:	  012B	90 01 33	        MOV     DPTR, #SEG_TAB
   35:	  012E	93		        MOVC    A, @A+DPTR
   36:	  012F	F5 90		        MOV     P1, A
   37:	  0131	80 E0		        SJMP    WAIT_RX
   38:
   39:	  0133			SEG_TAB:
   40:	  0133	3F 06 5B 4F	        DB      3FH, 06H, 5BH, 4FH, 66H, 6DH, 7DH, 07H, 7FH, 6FH
	  0137	66 6D 7D 07
	  013B	7F 6F
   41:

ASEM-51 V1.3                                         Copyright (c) 2002 by W.W. Heinz                                         PAGE 2



 Line  I  Addr  Code            Source

   42:				        END





                     register banks used:  ---

                     no errors




ASEM-51 V1.3                                         Copyright (c) 2002 by W.W. Heinz                                         PAGE 3





	       L I S T   O F   S Y M B O L S
	       =============================


SYMBOL				  TYPE     VALUE	LINE
------------------------------------------------------------
??ASEM_51			  NUMBER    8051
??VERSION			  NUMBER    0130
AC				  BIT	      D6
ACC				  DATA	      E0
B				  DATA	      F0
CY				  BIT	      D7
DPH				  DATA	      83
DPL				  DATA	      82
EA				  BIT	      AF
ES				  BIT	      AC
ET0				  BIT	      A9
ET1				  BIT	      AB
EX0				  BIT	      A8
EX1				  BIT	      AA
EXTI0				  CODE	    0003
EXTI1				  CODE	    0013
F0				  BIT	      D5
IE				  DATA	      A8
IE0				  BIT	      89
IE1				  BIT	      8B
INT0				  BIT	      B2
INT1				  BIT	      B3
IP				  DATA	      B8
IT0				  BIT	      88
IT1				  BIT	      8A
MAIN				  CODE	    0100	   5
OV				  BIT	      D2
P				  BIT	      D0
P0				  DATA	      80
P1				  DATA	      90
P2				  DATA	      A0
P3				  DATA	      B0
PCON				  DATA	      87
PS				  BIT	      BC
PSW				  DATA	      D0
PT0				  BIT	      B9
PT1				  BIT	      BB
PX0				  BIT	      B8
PX1				  BIT	      BA
RB8				  BIT	      9A
RD				  BIT	      B7
REN				  BIT	      9C
RESET				  CODE	    0000
RI				  BIT	      98
RS0				  BIT	      D3
RS1				  BIT	      D4
RXD				  BIT	      B0
SBUF				  DATA	      99
SCON				  DATA	      98
SEG_TAB				  CODE	    0133	  39

ASEM-51 V1.3                                         Copyright (c) 2002 by W.W. Heinz                                         PAGE 4



SYMBOL				  TYPE     VALUE	LINE
------------------------------------------------------------
SINT				  CODE	    0023
SM0				  BIT	      9F
SM1				  BIT	      9E
SM2				  BIT	      9D
SP				  DATA	      81
T0				  BIT	      B4
T1				  BIT	      B5
TB8				  BIT	      9B
TCON				  DATA	      88
TF0				  BIT	      8D
TF1				  BIT	      8F
TH0				  DATA	      8C
TH1				  DATA	      8D
TI				  BIT	      99
TIMER0				  CODE	    000B
TIMER1				  CODE	    001B
TL0				  DATA	      8A
TL1				  DATA	      8B
TMOD				  DATA	      89
TR0				  BIT	      8C
TR1				  BIT	      8E
TXD				  BIT	      B1
VALID_NUM			  CODE	    0127	  30
WAIT_RX				  CODE	    0113	  15
WR				  BIT	      B6
