
ASEM-51 V1.3                                         Copyright (c) 2002 by W.W. Heinz                                         PAGE 1





       MCS-51 Family Macro Assembler   A S E M - 5 1   V 1.3
       =====================================================



	Source File:	D:\Micro10\w103tx.asm
	Object File:	D:\Micro10\w103tx.hex
	List File:	D:\Micro10\w103tx.lst



 Line  I  Addr  Code            Source

    1:		N      0000	ORG     0000H
    2:	  0000	21 00		        JMP     0100H
    3:
    4:		N      0100	        ORG     0100H
    5:	  0100			MAIN:
    6:	  0100	75 81 3F	        MOV     SP, #3FH
    7:	  0103	C2 AF		        CLR     EA
    8:	  0105	75 89 20	        MOV     TMOD, #20H
    9:	  0108	75 98 50	        MOV     SCON, #50H
   10:	  010B	75 8D FD	        MOV     TH1, #0FDH
   11:	  010E	D2 8E		        SETB    TR1
   12:
   13:	  0110	75 A0 FF	        MOV     P2, #0FFH
   14:
   15:	  0113			MAIN_LOOP:
   16:	  0113	30 A0 0B	        JNB     P2.0, SW0_PRESSED
   17:	  0116	30 A1 18	        JNB     P2.1, SW1_PRESSED
   18:	  0119	30 A2 25	        JNB     P2.2, SW2_PRESSED
   19:	  011C	30 A3 32	        JNB     P2.3, SW3_PRESSED
   20:	  011F	80 F2		        SJMP    MAIN_LOOP
   21:
   22:	  0121			SW0_PRESSED:
   23:	  0121	12 01 6B	        CALL    DELAY_20MS
   24:	  0124	20 A0 EC	        JB      P2.0, MAIN_LOOP
   25:	  0127	74 30		        MOV     A, #'0'
   26:	  0129	12 01 61	        CALL    SEND_TX
   27:	  012C			WAIT_REL0:
   28:	  012C	30 A0 FD	        JNB     P2.0, WAIT_REL0
   29:	  012F	80 E2		        SJMP    MAIN_LOOP
   30:
   31:	  0131			SW1_PRESSED:
   32:	  0131	12 01 6B	        CALL    DELAY_20MS
   33:	  0134	20 A1 DC	        JB      P2.1, MAIN_LOOP
   34:	  0137	74 31		        MOV     A, #'1'
   35:	  0139	12 01 61	        CALL    SEND_TX
   36:	  013C			WAIT_REL1:
   37:	  013C	30 A1 FD	        JNB     P2.1, WAIT_REL1
   38:	  013F	80 D2		        SJMP    MAIN_LOOP
   39:
   40:	  0141			SW2_PRESSED:
   41:	  0141	12 01 6B	        CALL    DELAY_20MS
   42:	  0144	20 A2 CC	        JB      P2.2, MAIN_LOOP
   43:	  0147	74 32		        MOV     A, #'2'

ASEM-51 V1.3                                         Copyright (c) 2002 by W.W. Heinz                                         PAGE 2



 Line  I  Addr  Code            Source

   44:	  0149	12 01 61	        CALL    SEND_TX
   45:	  014C			WAIT_REL2:
   46:	  014C	30 A2 FD	        JNB     P2.2, WAIT_REL2
   47:	  014F	80 C2		        SJMP    MAIN_LOOP
   48:
   49:	  0151			SW3_PRESSED:
   50:	  0151	12 01 6B	        CALL    DELAY_20MS
   51:	  0154	20 A3 BC	        JB      P2.3, MAIN_LOOP
   52:	  0157	74 33		        MOV     A, #'3'
   53:	  0159	12 01 61	        CALL    SEND_TX
   54:	  015C			WAIT_REL3:
   55:	  015C	30 A3 FD	        JNB     P2.3, WAIT_REL3
   56:	  015F	80 B2		        SJMP    MAIN_LOOP
   57:
   58:	  0161			SEND_TX:
   59:	  0161	C2 99		        CLR     TI
   60:	  0163	F5 99		        MOV     SBUF, A
   61:	  0165	30 99 FD	        JNB     TI, $
   62:	  0168	C2 99		        CLR     TI
   63:	  016A	22		        RET
   64:
   65:	  016B			DELAY_20MS:
   66:	  016B	7E 28		        MOV     R6, #40
   67:	  016D	7F FA		DLY1:   MOV     R7, #250
   68:	  016F	DF FE		        DJNZ    R7, $
   69:	  0171	DE FA		        DJNZ    R6, DLY1
   70:	  0173	22		        RET
   71:
   72:				        END





                     register banks used:  ---

                     no errors




ASEM-51 V1.3                                         Copyright (c) 2002 by W.W. Heinz                                         PAGE 3





	       L I S T   O F   S Y M B O L S
	       =============================


SYMBOL				  TYPE     VALUE	LINE
------------------------------------------------------------
??ASEM_51			  NUMBER    8051
??VERSION			  NUMBER    0130
AC				  BIT	      D6
ACC				  DATA	      E0
B				  DATA	      F0
CY				  BIT	      D7
DELAY_20MS			  CODE	    016B	  65
DLY1				  CODE	    016D	  67
DPH				  DATA	      83
DPL				  DATA	      82
EA				  BIT	      AF
ES				  BIT	      AC
ET0				  BIT	      A9
ET1				  BIT	      AB
EX0				  BIT	      A8
EX1				  BIT	      AA
EXTI0				  CODE	    0003
EXTI1				  CODE	    0013
F0				  BIT	      D5
IE				  DATA	      A8
IE0				  BIT	      89
IE1				  BIT	      8B
INT0				  BIT	      B2
INT1				  BIT	      B3
IP				  DATA	      B8
IT0				  BIT	      88
IT1				  BIT	      8A
MAIN				  CODE	    0100	   5
MAIN_LOOP			  CODE	    0113	  15
OV				  BIT	      D2
P				  BIT	      D0
P0				  DATA	      80
P1				  DATA	      90
P2				  DATA	      A0
P3				  DATA	      B0
PCON				  DATA	      87
PS				  BIT	      BC
PSW				  DATA	      D0
PT0				  BIT	      B9
PT1				  BIT	      BB
PX0				  BIT	      B8
PX1				  BIT	      BA
RB8				  BIT	      9A
RD				  BIT	      B7
REN				  BIT	      9C
RESET				  CODE	    0000
RI				  BIT	      98
RS0				  BIT	      D3
RS1				  BIT	      D4
RXD				  BIT	      B0

ASEM-51 V1.3                                         Copyright (c) 2002 by W.W. Heinz                                         PAGE 4



SYMBOL				  TYPE     VALUE	LINE
------------------------------------------------------------
SBUF				  DATA	      99
SCON				  DATA	      98
SEND_TX				  CODE	    0161	  58
SINT				  CODE	    0023
SM0				  BIT	      9F
SM1				  BIT	      9E
SM2				  BIT	      9D
SP				  DATA	      81
SW0_PRESSED			  CODE	    0121	  22
SW1_PRESSED			  CODE	    0131	  31
SW2_PRESSED			  CODE	    0141	  40
SW3_PRESSED			  CODE	    0151	  49
T0				  BIT	      B4
T1				  BIT	      B5
TB8				  BIT	      9B
TCON				  DATA	      88
TF0				  BIT	      8D
TF1				  BIT	      8F
TH0				  DATA	      8C
TH1				  DATA	      8D
TI				  BIT	      99
TIMER0				  CODE	    000B
TIMER1				  CODE	    001B
TL0				  DATA	      8A
TL1				  DATA	      8B
TMOD				  DATA	      89
TR0				  BIT	      8C
TR1				  BIT	      8E
TXD				  BIT	      B1
WAIT_REL0			  CODE	    012C	  27
WAIT_REL1			  CODE	    013C	  36
WAIT_REL2			  CODE	    014C	  45
WAIT_REL3			  CODE	    015C	  54
WR				  BIT	      B6
